[0.042s] Invoking command in '/home/w0x7ce/Desktop/w0x7ce_bot_cool/build/w0x7ce_cartographer': CMAKE_PREFIX_PATH=/opt/ros/humble /usr/bin/cmake /home/w0x7ce/Desktop/w0x7ce_bot_cool/w0x7ce_cartographer -DCMAKE_INSTALL_PREFIX=/home/w0x7ce/Desktop/w0x7ce_bot_cool/install/w0x7ce_cartographer
[0.081s] -- Found ament_cmake: 1.3.3 (/opt/ros/humble/share/ament_cmake/cmake)
[0.459s] -- Found ament_lint_auto: 0.12.5 (/opt/ros/humble/share/ament_lint_auto/cmake)
[0.676s] -- Added test 'copyright' to check source files copyright and LICENSE
[0.683s] -- Added test 'flake8' to check Python code syntax and style conventions
[0.685s] -- Added test 'lint_cmake' to check CMake code style
[0.687s] -- Added test 'pep257' to check Python code against some of the docstring style conventions in PEP 257
[0.690s] -- Added test 'xmllint' to check XML markup files
[0.694s] -- Configuring done
[0.707s] -- Generating done
[0.712s] -- Build files have been written to: /home/w0x7ce/Desktop/w0x7ce_bot_cool/build/w0x7ce_cartographer
[0.723s] Invoked command in '/home/w0x7ce/Desktop/w0x7ce_bot_cool/build/w0x7ce_cartographer' returned '0': CMAKE_PREFIX_PATH=/opt/ros/humble /usr/bin/cmake /home/w0x7ce/Desktop/w0x7ce_bot_cool/w0x7ce_cartographer -DCMAKE_INSTALL_PREFIX=/home/w0x7ce/Desktop/w0x7ce_bot_cool/install/w0x7ce_cartographer
[0.724s] Invoking command in '/home/w0x7ce/Desktop/w0x7ce_bot_cool/build/w0x7ce_cartographer': CMAKE_PREFIX_PATH=/opt/ros/humble /usr/bin/cmake --build /home/w0x7ce/Desktop/w0x7ce_bot_cool/build/w0x7ce_cartographer -- -j2 -l2
[0.845s] Invoked command in '/home/w0x7ce/Desktop/w0x7ce_bot_cool/build/w0x7ce_cartographer' returned '0': CMAKE_PREFIX_PATH=/opt/ros/humble /usr/bin/cmake --build /home/w0x7ce/Desktop/w0x7ce_bot_cool/build/w0x7ce_cartographer -- -j2 -l2
[0.971s] Invoking command in '/home/w0x7ce/Desktop/w0x7ce_bot_cool/build/w0x7ce_cartographer': CMAKE_PREFIX_PATH=/opt/ros/humble /usr/bin/cmake --install /home/w0x7ce/Desktop/w0x7ce_bot_cool/build/w0x7ce_cartographer
[0.994s] -- Install configuration: ""
[0.994s] -- Installing: /home/w0x7ce/Desktop/w0x7ce_bot_cool/install/w0x7ce_cartographer/share/w0x7ce_cartographer/config
[0.995s] -- Installing: /home/w0x7ce/Desktop/w0x7ce_bot_cool/install/w0x7ce_cartographer/share/w0x7ce_cartographer/config/w0x7ce_cartographer.lua
[0.996s] -- Installing: /home/w0x7ce/Desktop/w0x7ce_bot_cool/install/w0x7ce_cartographer/share/w0x7ce_cartographer/launch
[0.997s] -- Installing: /home/w0x7ce/Desktop/w0x7ce_bot_cool/install/w0x7ce_cartographer/share/w0x7ce_cartographer/launch/cartographer.launch.py
[0.998s] [31mCMake Error at cmake_install.cmake:46 (file):
[0.998s]   file INSTALL cannot find
[0.998s]   "/home/w0x7ce/Desktop/w0x7ce_bot_cool/w0x7ce_cartographer/rviz": No such
[0.998s]   file or directory.
[0.998s] 
[0.999s] [0m
[1.004s] Invoked command in '/home/w0x7ce/Desktop/w0x7ce_bot_cool/build/w0x7ce_cartographer' returned '1': CMAKE_PREFIX_PATH=/opt/ros/humble /usr/bin/cmake --install /home/w0x7ce/Desktop/w0x7ce_bot_cool/build/w0x7ce_cartographer
