[0.043s] Invoking command in '/home/w0x7ce/Desktop/w0x7ce_bot_cool/build/w0x7ce_cartographer': CMAKE_PREFIX_PATH=/opt/ros/humble /usr/bin/cmake --build /home/w0x7ce/Desktop/w0x7ce_bot_cool/build/w0x7ce_cartographer -- -j2 -l2
[0.112s] -- Found ament_cmake: 1.3.3 (/opt/ros/humble/share/ament_cmake/cmake)
[0.521s] -- Found ament_lint_auto: 0.12.5 (/opt/ros/humble/share/ament_lint_auto/cmake)
[0.725s] -- Added test 'copyright' to check source files copyright and LICENSE
[0.729s] -- Added test 'flake8' to check Python code syntax and style conventions
[0.731s] -- Added test 'lint_cmake' to check CMake code style
[0.731s] -- Added test 'pep257' to check Python code against some of the docstring style conventions in PEP 257
[0.732s] -- Added test 'xmllint' to check XML markup files
[0.736s] -- Configuring done
[0.749s] -- Generating done
[0.754s] -- Build files have been written to: /home/w0x7ce/Desktop/w0x7ce_bot_cool/build/w0x7ce_cartographer
[0.812s] Invoked command in '/home/w0x7ce/Desktop/w0x7ce_bot_cool/build/w0x7ce_cartographer' returned '0': CMAKE_PREFIX_PATH=/opt/ros/humble /usr/bin/cmake --build /home/w0x7ce/Desktop/w0x7ce_bot_cool/build/w0x7ce_cartographer -- -j2 -l2
[0.939s] Invoking command in '/home/w0x7ce/Desktop/w0x7ce_bot_cool/build/w0x7ce_cartographer': CMAKE_PREFIX_PATH=/opt/ros/humble /usr/bin/cmake --install /home/w0x7ce/Desktop/w0x7ce_bot_cool/build/w0x7ce_cartographer
[0.976s] -- Install configuration: ""
[0.977s] -- Up-to-date: /home/w0x7ce/Desktop/w0x7ce_bot_cool/install/w0x7ce_cartographer/share/w0x7ce_cartographer/config
[0.977s] -- Up-to-date: /home/w0x7ce/Desktop/w0x7ce_bot_cool/install/w0x7ce_cartographer/share/w0x7ce_cartographer/config/w0x7ce_cartographer.lua
[0.977s] -- Up-to-date: /home/w0x7ce/Desktop/w0x7ce_bot_cool/install/w0x7ce_cartographer/share/w0x7ce_cartographer/launch
[0.978s] -- Up-to-date: /home/w0x7ce/Desktop/w0x7ce_bot_cool/install/w0x7ce_cartographer/share/w0x7ce_cartographer/launch/cartographer.launch.py
[0.978s] -- Installing: /home/w0x7ce/Desktop/w0x7ce_bot_cool/install/w0x7ce_cartographer/share/ament_index/resource_index/package_run_dependencies/w0x7ce_cartographer
[0.978s] -- Installing: /home/w0x7ce/Desktop/w0x7ce_bot_cool/install/w0x7ce_cartographer/share/ament_index/resource_index/parent_prefix_path/w0x7ce_cartographer
[0.982s] -- Installing: /home/w0x7ce/Desktop/w0x7ce_bot_cool/install/w0x7ce_cartographer/share/w0x7ce_cartographer/environment/ament_prefix_path.sh
[0.982s] -- Installing: /home/w0x7ce/Desktop/w0x7ce_bot_cool/install/w0x7ce_cartographer/share/w0x7ce_cartographer/environment/ament_prefix_path.dsv
[0.983s] -- Installing: /home/w0x7ce/Desktop/w0x7ce_bot_cool/install/w0x7ce_cartographer/share/w0x7ce_cartographer/environment/path.sh
[0.985s] -- Installing: /home/w0x7ce/Desktop/w0x7ce_bot_cool/install/w0x7ce_cartographer/share/w0x7ce_cartographer/environment/path.dsv
[0.986s] -- Installing: /home/w0x7ce/Desktop/w0x7ce_bot_cool/install/w0x7ce_cartographer/share/w0x7ce_cartographer/local_setup.bash
[0.986s] -- Installing: /home/w0x7ce/Desktop/w0x7ce_bot_cool/install/w0x7ce_cartographer/share/w0x7ce_cartographer/local_setup.sh
[0.986s] -- Installing: /home/w0x7ce/Desktop/w0x7ce_bot_cool/install/w0x7ce_cartographer/share/w0x7ce_cartographer/local_setup.zsh
[0.986s] -- Installing: /home/w0x7ce/Desktop/w0x7ce_bot_cool/install/w0x7ce_cartographer/share/w0x7ce_cartographer/local_setup.dsv
[0.986s] -- Installing: /home/w0x7ce/Desktop/w0x7ce_bot_cool/install/w0x7ce_cartographer/share/w0x7ce_cartographer/package.dsv
[0.986s] -- Installing: /home/w0x7ce/Desktop/w0x7ce_bot_cool/install/w0x7ce_cartographer/share/ament_index/resource_index/packages/w0x7ce_cartographer
[0.987s] -- Installing: /home/w0x7ce/Desktop/w0x7ce_bot_cool/install/w0x7ce_cartographer/share/w0x7ce_cartographer/cmake/w0x7ce_cartographerConfig.cmake
[0.987s] -- Installing: /home/w0x7ce/Desktop/w0x7ce_bot_cool/install/w0x7ce_cartographer/share/w0x7ce_cartographer/cmake/w0x7ce_cartographerConfig-version.cmake
[0.987s] -- Installing: /home/w0x7ce/Desktop/w0x7ce_bot_cool/install/w0x7ce_cartographer/share/w0x7ce_cartographer/package.xml
[0.995s] Invoked command in '/home/w0x7ce/Desktop/w0x7ce_bot_cool/build/w0x7ce_cartographer' returned '0': CMAKE_PREFIX_PATH=/opt/ros/humble /usr/bin/cmake --install /home/w0x7ce/Desktop/w0x7ce_bot_cool/build/w0x7ce_cartographer
