-- The C compiler identification is GNU 11.4.0
-- The CXX compiler identification is GNU 11.4.0
-- Detecting C compiler ABI info
-- Detecting C compiler ABI info - done
-- Check for working C compiler: /usr/bin/cc - skipped
-- Detecting C compile features
-- Detecting C compile features - done
-- Detecting CXX compiler ABI info
-- Detecting CXX compiler ABI info - done
-- Check for working CXX compiler: /usr/bin/c++ - skipped
-- Detecting CXX compile features
-- Detecting CXX compile features - done
-- Found ament_cmake: 1.3.5 (/opt/ros/humble/share/ament_cmake/cmake)
-- Found Python3: /usr/bin/python3.10 (found version "3.10.12") found components: Interpreter 
-- Found ament_lint_auto: 0.12.8 (/opt/ros/humble/share/ament_lint_auto/cmake)
-- Added test 'copyright' to check source files copyright and LICENSE
-- Added test 'flake8' to check Python code syntax and style conventions
-- Added test 'lint_cmake' to check CMake code style
-- Added test 'pep257' to check Python code against some of the docstring style conventions in PEP 257
-- Added test 'xmllint' to check XML markup files
-- Configuring done (0.6s)
-- Generating done (0.0s)
-- Build files have been written to: /home/w0x7ce/Desktop/w0x7ce_bot/build/w0x7ce_cartographer
-- Install configuration: ""
-- Up-to-date: /home/w0x7ce/Desktop/w0x7ce_bot/install/w0x7ce_cartographer/share/w0x7ce_cartographer/config
-- Up-to-date: /home/w0x7ce/Desktop/w0x7ce_bot/install/w0x7ce_cartographer/share/w0x7ce_cartographer/config/w0x7ce_cartographer.lua
-- Up-to-date: /home/w0x7ce/Desktop/w0x7ce_bot/install/w0x7ce_cartographer/share/w0x7ce_cartographer/launch
-- Up-to-date: /home/w0x7ce/Desktop/w0x7ce_bot/install/w0x7ce_cartographer/share/w0x7ce_cartographer/launch/cartographer.launch.py
-- Installing: /home/w0x7ce/Desktop/w0x7ce_bot/install/w0x7ce_cartographer/share/ament_index/resource_index/package_run_dependencies/w0x7ce_cartographer
-- Installing: /home/w0x7ce/Desktop/w0x7ce_bot/install/w0x7ce_cartographer/share/ament_index/resource_index/parent_prefix_path/w0x7ce_cartographer
-- Installing: /home/w0x7ce/Desktop/w0x7ce_bot/install/w0x7ce_cartographer/share/w0x7ce_cartographer/environment/ament_prefix_path.sh
-- Installing: /home/w0x7ce/Desktop/w0x7ce_bot/install/w0x7ce_cartographer/share/w0x7ce_cartographer/environment/ament_prefix_path.dsv
-- Installing: /home/w0x7ce/Desktop/w0x7ce_bot/install/w0x7ce_cartographer/share/w0x7ce_cartographer/environment/path.sh
-- Installing: /home/w0x7ce/Desktop/w0x7ce_bot/install/w0x7ce_cartographer/share/w0x7ce_cartographer/environment/path.dsv
-- Installing: /home/w0x7ce/Desktop/w0x7ce_bot/install/w0x7ce_cartographer/share/w0x7ce_cartographer/local_setup.bash
-- Installing: /home/w0x7ce/Desktop/w0x7ce_bot/install/w0x7ce_cartographer/share/w0x7ce_cartographer/local_setup.sh
-- Installing: /home/w0x7ce/Desktop/w0x7ce_bot/install/w0x7ce_cartographer/share/w0x7ce_cartographer/local_setup.zsh
-- Installing: /home/w0x7ce/Desktop/w0x7ce_bot/install/w0x7ce_cartographer/share/w0x7ce_cartographer/local_setup.dsv
-- Installing: /home/w0x7ce/Desktop/w0x7ce_bot/install/w0x7ce_cartographer/share/w0x7ce_cartographer/package.dsv
-- Installing: /home/w0x7ce/Desktop/w0x7ce_bot/install/w0x7ce_cartographer/share/ament_index/resource_index/packages/w0x7ce_cartographer
-- Installing: /home/w0x7ce/Desktop/w0x7ce_bot/install/w0x7ce_cartographer/share/w0x7ce_cartographer/cmake/w0x7ce_cartographerConfig.cmake
-- Installing: /home/w0x7ce/Desktop/w0x7ce_bot/install/w0x7ce_cartographer/share/w0x7ce_cartographer/cmake/w0x7ce_cartographerConfig-version.cmake
-- Up-to-date: /home/w0x7ce/Desktop/w0x7ce_bot/install/w0x7ce_cartographer/share/w0x7ce_cartographer/package.xml
