[0.029s] Invoking command in '/home/w0x7ce/Desktop/w0x7ce_bot/build/w0x7ce_cartographer': CMAKE_PREFIX_PATH=/opt/ros/humble /usr/bin/cmake /home/w0x7ce/Desktop/w0x7ce_bot/w0x7ce_cartographer -DCMAKE_INSTALL_PREFIX=/home/w0x7ce/Desktop/w0x7ce_bot/install/w0x7ce_cartographer
[0.058s] -- The C compiler identification is GNU 11.4.0
[0.094s] -- The CXX compiler identification is GNU 11.4.0
[0.103s] -- Detecting C compiler ABI info
[0.168s] -- Detecting C compiler ABI info - done
[0.177s] -- Check for working C compiler: /usr/bin/cc - skipped
[0.177s] -- Detecting C compile features
[0.177s] -- Detecting C compile features - done
[0.186s] -- Detecting CXX compiler ABI info
[0.249s] -- Detecting CXX compiler ABI info - done
[0.255s] -- Check for working CXX compiler: /usr/bin/c++ - skipped
[0.255s] -- Detecting CXX compile features
[0.255s] -- Detecting CXX compile features - done
[0.257s] -- Found ament_cmake: 1.3.5 (/opt/ros/humble/share/ament_cmake/cmake)
[0.522s] -- Found Python3: /usr/bin/python3.10 (found version "3.10.12") found components: Interpreter 
[0.584s] -- Found ament_lint_auto: 0.12.8 (/opt/ros/humble/share/ament_lint_auto/cmake)
[0.633s] -- Added test 'copyright' to check source files copyright and LICENSE
[0.634s] -- Added test 'flake8' to check Python code syntax and style conventions
[0.635s] -- Added test 'lint_cmake' to check CMake code style
[0.635s] -- Added test 'pep257' to check Python code against some of the docstring style conventions in PEP 257
[0.636s] -- Added test 'xmllint' to check XML markup files
[0.637s] -- Configuring done (0.6s)
[0.638s] -- Generating done (0.0s)
[0.639s] -- Build files have been written to: /home/w0x7ce/Desktop/w0x7ce_bot/build/w0x7ce_cartographer
[0.641s] Invoked command in '/home/w0x7ce/Desktop/w0x7ce_bot/build/w0x7ce_cartographer' returned '0': CMAKE_PREFIX_PATH=/opt/ros/humble /usr/bin/cmake /home/w0x7ce/Desktop/w0x7ce_bot/w0x7ce_cartographer -DCMAKE_INSTALL_PREFIX=/home/w0x7ce/Desktop/w0x7ce_bot/install/w0x7ce_cartographer
[0.643s] Invoking command in '/home/w0x7ce/Desktop/w0x7ce_bot/build/w0x7ce_cartographer': CMAKE_PREFIX_PATH=/opt/ros/humble /usr/bin/cmake --build /home/w0x7ce/Desktop/w0x7ce_bot/build/w0x7ce_cartographer -- -j16 -l16
[0.653s] Invoked command in '/home/w0x7ce/Desktop/w0x7ce_bot/build/w0x7ce_cartographer' returned '0': CMAKE_PREFIX_PATH=/opt/ros/humble /usr/bin/cmake --build /home/w0x7ce/Desktop/w0x7ce_bot/build/w0x7ce_cartographer -- -j16 -l16
[0.673s] Invoking command in '/home/w0x7ce/Desktop/w0x7ce_bot/build/w0x7ce_cartographer': CMAKE_PREFIX_PATH=/opt/ros/humble /usr/bin/cmake --install /home/w0x7ce/Desktop/w0x7ce_bot/build/w0x7ce_cartographer
[0.677s] -- Install configuration: ""
[0.677s] -- Up-to-date: /home/w0x7ce/Desktop/w0x7ce_bot/install/w0x7ce_cartographer/share/w0x7ce_cartographer/config
[0.677s] -- Up-to-date: /home/w0x7ce/Desktop/w0x7ce_bot/install/w0x7ce_cartographer/share/w0x7ce_cartographer/config/w0x7ce_cartographer.lua
[0.677s] -- Up-to-date: /home/w0x7ce/Desktop/w0x7ce_bot/install/w0x7ce_cartographer/share/w0x7ce_cartographer/launch
[0.677s] -- Up-to-date: /home/w0x7ce/Desktop/w0x7ce_bot/install/w0x7ce_cartographer/share/w0x7ce_cartographer/launch/cartographer.launch.py
[0.677s] -- Installing: /home/w0x7ce/Desktop/w0x7ce_bot/install/w0x7ce_cartographer/share/ament_index/resource_index/package_run_dependencies/w0x7ce_cartographer
[0.678s] -- Installing: /home/w0x7ce/Desktop/w0x7ce_bot/install/w0x7ce_cartographer/share/ament_index/resource_index/parent_prefix_path/w0x7ce_cartographer
[0.678s] -- Installing: /home/w0x7ce/Desktop/w0x7ce_bot/install/w0x7ce_cartographer/share/w0x7ce_cartographer/environment/ament_prefix_path.sh
[0.678s] -- Installing: /home/w0x7ce/Desktop/w0x7ce_bot/install/w0x7ce_cartographer/share/w0x7ce_cartographer/environment/ament_prefix_path.dsv
[0.678s] -- Installing: /home/w0x7ce/Desktop/w0x7ce_bot/install/w0x7ce_cartographer/share/w0x7ce_cartographer/environment/path.sh
[0.678s] -- Installing: /home/w0x7ce/Desktop/w0x7ce_bot/install/w0x7ce_cartographer/share/w0x7ce_cartographer/environment/path.dsv
[0.678s] -- Installing: /home/w0x7ce/Desktop/w0x7ce_bot/install/w0x7ce_cartographer/share/w0x7ce_cartographer/local_setup.bash
[0.679s] -- Installing: /home/w0x7ce/Desktop/w0x7ce_bot/install/w0x7ce_cartographer/share/w0x7ce_cartographer/local_setup.sh
[0.679s] -- Installing: /home/w0x7ce/Desktop/w0x7ce_bot/install/w0x7ce_cartographer/share/w0x7ce_cartographer/local_setup.zsh
[0.679s] -- Installing: /home/w0x7ce/Desktop/w0x7ce_bot/install/w0x7ce_cartographer/share/w0x7ce_cartographer/local_setup.dsv
[0.679s] -- Installing: /home/w0x7ce/Desktop/w0x7ce_bot/install/w0x7ce_cartographer/share/w0x7ce_cartographer/package.dsv
[0.679s] -- Installing: /home/w0x7ce/Desktop/w0x7ce_bot/install/w0x7ce_cartographer/share/ament_index/resource_index/packages/w0x7ce_cartographer
[0.679s] -- Installing: /home/w0x7ce/Desktop/w0x7ce_bot/install/w0x7ce_cartographer/share/w0x7ce_cartographer/cmake/w0x7ce_cartographerConfig.cmake
[0.680s] -- Installing: /home/w0x7ce/Desktop/w0x7ce_bot/install/w0x7ce_cartographer/share/w0x7ce_cartographer/cmake/w0x7ce_cartographerConfig-version.cmake
[0.680s] -- Up-to-date: /home/w0x7ce/Desktop/w0x7ce_bot/install/w0x7ce_cartographer/share/w0x7ce_cartographer/package.xml
[0.681s] Invoked command in '/home/w0x7ce/Desktop/w0x7ce_bot/build/w0x7ce_cartographer' returned '0': CMAKE_PREFIX_PATH=/opt/ros/humble /usr/bin/cmake --install /home/w0x7ce/Desktop/w0x7ce_bot/build/w0x7ce_cartographer
