[0.046s] Invoking command in '/home/w0x7ce/Desktop/w0x7ce_bot_cool/build/w0x7ce_cartographer': CMAKE_PREFIX_PATH=/opt/ros/humble /usr/bin/cmake --build /home/w0x7ce/Desktop/w0x7ce_bot_cool/build/w0x7ce_cartographer -- -j2 -l2
[0.113s] -- Found ament_cmake: 1.3.3 (/opt/ros/humble/share/ament_cmake/cmake)
[0.464s] -- Found ament_lint_auto: 0.12.5 (/opt/ros/humble/share/ament_lint_auto/cmake)
[0.642s] -- Added test 'copyright' to check source files copyright and LICENSE
[0.647s] -- Added test 'flake8' to check Python code syntax and style conventions
[0.647s] -- Added test 'lint_cmake' to check CMake code style
[0.649s] -- Added test 'pep257' to check Python code against some of the docstring style conventions in PEP 257
[0.650s] -- Added test 'xmllint' to check XML markup files
[0.652s] -- Configuring done
[0.662s] -- Generating done
[0.667s] -- Build files have been written to: /home/w0x7ce/Desktop/w0x7ce_bot_cool/build/w0x7ce_cartographer
[0.733s] Invoked command in '/home/w0x7ce/Desktop/w0x7ce_bot_cool/build/w0x7ce_cartographer' returned '0': CMAKE_PREFIX_PATH=/opt/ros/humble /usr/bin/cmake --build /home/w0x7ce/Desktop/w0x7ce_bot_cool/build/w0x7ce_cartographer -- -j2 -l2
[0.857s] Invoking command in '/home/w0x7ce/Desktop/w0x7ce_bot_cool/build/w0x7ce_cartographer': CMAKE_PREFIX_PATH=/opt/ros/humble /usr/bin/cmake --install /home/w0x7ce/Desktop/w0x7ce_bot_cool/build/w0x7ce_cartographer
[0.881s] -- Install configuration: ""
[0.881s] -- Up-to-date: /home/w0x7ce/Desktop/w0x7ce_bot_cool/install/w0x7ce_cartographer/share/w0x7ce_cartographer/config
[0.885s] -- Up-to-date: /home/w0x7ce/Desktop/w0x7ce_bot_cool/install/w0x7ce_cartographer/share/w0x7ce_cartographer/config/w0x7ce_cartographer.lua
[0.886s] -- Up-to-date: /home/w0x7ce/Desktop/w0x7ce_bot_cool/install/w0x7ce_cartographer/share/w0x7ce_cartographer/launch
[0.886s] [31mCMake Error at cmake_install.cmake:46 (file):
[0.886s]   file INSTALL cannot find
[0.886s]   "/home/w0x7ce/Desktop/w0x7ce_bot_cool/w0x7ce_cartographer/rviz": No such
[0.886s]   file or directory.
[0.886s] 
[0.887s] [0m
[0.887s] -- Installing: /home/w0x7ce/Desktop/w0x7ce_bot_cool/install/w0x7ce_cartographer/share/w0x7ce_cartographer/launch/cartographer.launch.py
[0.887s] Invoked command in '/home/w0x7ce/Desktop/w0x7ce_bot_cool/build/w0x7ce_cartographer' returned '1': CMAKE_PREFIX_PATH=/opt/ros/humble /usr/bin/cmake --install /home/w0x7ce/Desktop/w0x7ce_bot_cool/build/w0x7ce_cartographer
