[0.982s] DEBUG:colcon:Command line arguments: ['/usr/bin/colcon', 'build']
[0.982s] DEBUG:colcon:Parsed command line arguments: Namespace(log_base=None, log_level=None, verb_name='build', build_base='build', install_base='install', merge_install=False, symlink_install=False, test_result_base=None, continue_on_error=False, executor='parallel', parallel_workers=2, event_handlers=None, ignore_user_meta=False, metas=['./colcon.meta'], base_paths=['.'], packages_ignore=None, packages_ignore_regex=None, paths=None, packages_up_to=None, packages_up_to_regex=None, packages_above=None, packages_above_and_dependencies=None, packages_above_depth=None, packages_select_by_dep=None, packages_skip_by_dep=None, packages_skip_up_to=None, packages_select_build_failed=False, packages_skip_build_finished=False, packages_select_test_failures=False, packages_skip_test_passed=False, packages_select=None, packages_skip=None, packages_select_regex=None, packages_skip_regex=None, packages_start=None, packages_end=None, allow_overriding=[], cmake_args=None, cmake_target=None, cmake_target_skip_unavailable=False, cmake_clean_cache=False, cmake_clean_first=False, cmake_force_configure=False, ament_cmake_args=None, catkin_cmake_args=None, catkin_skip_building_tests=False, verb_parser=<colcon_defaults.argument_parser.defaults.DefaultArgumentsDecorator object at 0x7f00dd6f8eb0>, verb_extension=<colcon_core.verb.build.BuildVerb object at 0x7f00ddeaa920>, main=<bound method BuildVerb.main of <colcon_core.verb.build.BuildVerb object at 0x7f00ddeaa920>>)
[1.066s] Level 1:colcon.colcon_core.package_discovery:discover_packages(colcon_meta) check parameters
[1.066s] Level 1:colcon.colcon_core.package_discovery:discover_packages(recursive) check parameters
[1.067s] Level 1:colcon.colcon_core.package_discovery:discover_packages(ignore) check parameters
[1.067s] Level 1:colcon.colcon_core.package_discovery:discover_packages(path) check parameters
[1.067s] Level 1:colcon.colcon_core.package_discovery:discover_packages(colcon_meta) discover
[1.067s] Level 1:colcon.colcon_core.package_discovery:discover_packages(recursive) discover
[1.067s] INFO:colcon.colcon_core.package_discovery:Crawling recursively for packages in '/home/w0x7ce/Desktop/w0x7ce_bot/src/w0x7ce_bot_description'
[1.067s] Level 1:colcon.colcon_core.package_identification:_identify(.) by extensions ['ignore', 'ignore_ament_install']
[1.067s] Level 1:colcon.colcon_core.package_identification:_identify(.) by extension 'ignore'
[1.068s] Level 1:colcon.colcon_core.package_identification:_identify(.) by extension 'ignore_ament_install'
[1.068s] Level 1:colcon.colcon_core.package_identification:_identify(.) by extensions ['colcon_pkg']
[1.068s] Level 1:colcon.colcon_core.package_identification:_identify(.) by extension 'colcon_pkg'
[1.068s] Level 1:colcon.colcon_core.package_identification:_identify(.) by extensions ['colcon_meta']
[1.068s] Level 1:colcon.colcon_core.package_identification:_identify(.) by extension 'colcon_meta'
[1.068s] Level 1:colcon.colcon_core.package_identification:_identify(.) by extensions ['ros']
[1.068s] Level 1:colcon.colcon_core.package_identification:_identify(.) by extension 'ros'
[1.112s] DEBUG:colcon.colcon_core.package_identification:Package '.' with type 'ros.ament_python' and name 'w0x7ce_bot_description'
[1.112s] Level 1:colcon.colcon_core.package_discovery:discover_packages(recursive) using defaults
[1.112s] Level 1:colcon.colcon_core.package_discovery:discover_packages(ignore) discover
[1.112s] Level 1:colcon.colcon_core.package_discovery:discover_packages(ignore) using defaults
[1.112s] Level 1:colcon.colcon_core.package_discovery:discover_packages(path) discover
[1.112s] Level 1:colcon.colcon_core.package_discovery:discover_packages(path) using defaults
[1.185s] Level 1:colcon.colcon_core.package_discovery:discover_packages(prefix_path) check parameters
[1.185s] Level 1:colcon.colcon_core.package_discovery:discover_packages(prefix_path) discover
[1.195s] DEBUG:colcon.colcon_installed_package_information.package_discovery:Found 1 installed packages in /home/w0x7ce/Desktop/w0x7ce_bot/src/w0x7ce_bot_description/install
[1.201s] DEBUG:colcon.colcon_installed_package_information.package_discovery:Found 414 installed packages in /opt/ros/humble
[1.209s] Level 1:colcon.colcon_core.package_discovery:discover_packages(prefix_path) using defaults
[1.424s] Level 5:colcon.colcon_core.verb:set package 'w0x7ce_bot_description' build argument 'cmake_args' from command line to 'None'
[1.424s] Level 5:colcon.colcon_core.verb:set package 'w0x7ce_bot_description' build argument 'cmake_target' from command line to 'None'
[1.424s] Level 5:colcon.colcon_core.verb:set package 'w0x7ce_bot_description' build argument 'cmake_target_skip_unavailable' from command line to 'False'
[1.424s] Level 5:colcon.colcon_core.verb:set package 'w0x7ce_bot_description' build argument 'cmake_clean_cache' from command line to 'False'
[1.424s] Level 5:colcon.colcon_core.verb:set package 'w0x7ce_bot_description' build argument 'cmake_clean_first' from command line to 'False'
[1.424s] Level 5:colcon.colcon_core.verb:set package 'w0x7ce_bot_description' build argument 'cmake_force_configure' from command line to 'False'
[1.424s] Level 5:colcon.colcon_core.verb:set package 'w0x7ce_bot_description' build argument 'ament_cmake_args' from command line to 'None'
[1.424s] Level 5:colcon.colcon_core.verb:set package 'w0x7ce_bot_description' build argument 'catkin_cmake_args' from command line to 'None'
[1.424s] Level 5:colcon.colcon_core.verb:set package 'w0x7ce_bot_description' build argument 'catkin_skip_building_tests' from command line to 'False'
[1.425s] DEBUG:colcon.colcon_core.verb:Building package 'w0x7ce_bot_description' with the following arguments: {'ament_cmake_args': None, 'build_base': '/home/w0x7ce/Desktop/w0x7ce_bot/src/w0x7ce_bot_description/build/w0x7ce_bot_description', 'catkin_cmake_args': None, 'catkin_skip_building_tests': False, 'cmake_args': None, 'cmake_clean_cache': False, 'cmake_clean_first': False, 'cmake_force_configure': False, 'cmake_target': None, 'cmake_target_skip_unavailable': False, 'install_base': '/home/w0x7ce/Desktop/w0x7ce_bot/src/w0x7ce_bot_description/install/w0x7ce_bot_description', 'merge_install': False, 'path': '/home/w0x7ce/Desktop/w0x7ce_bot/src/w0x7ce_bot_description', 'symlink_install': False, 'test_result_base': None}
[1.426s] INFO:colcon.colcon_core.executor:Executing jobs using 'parallel' executor
[1.436s] DEBUG:colcon.colcon_parallel_executor.executor.parallel:run_until_complete
[1.436s] INFO:colcon.colcon_ros.task.ament_python.build:Building ROS package in '/home/w0x7ce/Desktop/w0x7ce_bot/src/w0x7ce_bot_description' with build type 'ament_python'
[1.437s] Level 1:colcon.colcon_core.shell:create_environment_hook('w0x7ce_bot_description', 'ament_prefix_path')
[1.449s] INFO:colcon.colcon_core.plugin_system:Skipping extension 'colcon_core.shell.bat': Not used on non-Windows systems
[1.449s] INFO:colcon.colcon_core.shell:Creating environment hook '/home/w0x7ce/Desktop/w0x7ce_bot/src/w0x7ce_bot_description/install/w0x7ce_bot_description/share/w0x7ce_bot_description/hook/ament_prefix_path.ps1'
[1.451s] INFO:colcon.colcon_core.shell:Creating environment descriptor '/home/w0x7ce/Desktop/w0x7ce_bot/src/w0x7ce_bot_description/install/w0x7ce_bot_description/share/w0x7ce_bot_description/hook/ament_prefix_path.dsv'
[1.453s] INFO:colcon.colcon_core.shell:Creating environment hook '/home/w0x7ce/Desktop/w0x7ce_bot/src/w0x7ce_bot_description/install/w0x7ce_bot_description/share/w0x7ce_bot_description/hook/ament_prefix_path.sh'
[1.458s] INFO:colcon.colcon_core.shell:Skip shell extension 'powershell' for command environment: Not usable outside of PowerShell
[1.458s] DEBUG:colcon.colcon_core.shell:Skip shell extension 'dsv' for command environment
[2.447s] INFO:colcon.colcon_core.task.python.build:Building Python package in '/home/w0x7ce/Desktop/w0x7ce_bot/src/w0x7ce_bot_description'
[2.450s] INFO:colcon.colcon_core.shell:Skip shell extension 'powershell' for command environment: Not usable outside of PowerShell
[2.450s] DEBUG:colcon.colcon_core.shell:Skip shell extension 'dsv' for command environment
[3.585s] DEBUG:colcon.colcon_core.event_handler.log_command:Invoking command in '/home/w0x7ce/Desktop/w0x7ce_bot/src/w0x7ce_bot_description': PYTHONPATH=/home/w0x7ce/Desktop/w0x7ce_bot/src/w0x7ce_bot_description/build/w0x7ce_bot_description/prefix_override:/home/w0x7ce/Desktop/w0x7ce_bot/src/w0x7ce_bot_description/install/w0x7ce_bot_description/lib/python3.10/site-packages:${PYTHONPATH} /usr/bin/python3 setup.py egg_info --egg-base build/w0x7ce_bot_description build --build-base /home/w0x7ce/Desktop/w0x7ce_bot/src/w0x7ce_bot_description/build/w0x7ce_bot_description/build install --record /home/w0x7ce/Desktop/w0x7ce_bot/src/w0x7ce_bot_description/build/w0x7ce_bot_description/install.log --single-version-externally-managed
[5.143s] DEBUG:colcon.colcon_core.event_handler.log_command:Invoked command in '/home/w0x7ce/Desktop/w0x7ce_bot/src/w0x7ce_bot_description' returned '0': PYTHONPATH=/home/w0x7ce/Desktop/w0x7ce_bot/src/w0x7ce_bot_description/build/w0x7ce_bot_description/prefix_override:/home/w0x7ce/Desktop/w0x7ce_bot/src/w0x7ce_bot_description/install/w0x7ce_bot_description/lib/python3.10/site-packages:${PYTHONPATH} /usr/bin/python3 setup.py egg_info --egg-base build/w0x7ce_bot_description build --build-base /home/w0x7ce/Desktop/w0x7ce_bot/src/w0x7ce_bot_description/build/w0x7ce_bot_description/build install --record /home/w0x7ce/Desktop/w0x7ce_bot/src/w0x7ce_bot_description/build/w0x7ce_bot_description/install.log --single-version-externally-managed
[5.154s] Level 1:colcon.colcon_core.environment:checking '/home/w0x7ce/Desktop/w0x7ce_bot/src/w0x7ce_bot_description/install/w0x7ce_bot_description' for CMake module files
[5.155s] Level 1:colcon.colcon_core.environment:checking '/home/w0x7ce/Desktop/w0x7ce_bot/src/w0x7ce_bot_description/install/w0x7ce_bot_description' for CMake config files
[5.157s] Level 1:colcon.colcon_core.environment:checking '/home/w0x7ce/Desktop/w0x7ce_bot/src/w0x7ce_bot_description/install/w0x7ce_bot_description/lib'
[5.157s] Level 1:colcon.colcon_core.environment:checking '/home/w0x7ce/Desktop/w0x7ce_bot/src/w0x7ce_bot_description/install/w0x7ce_bot_description/bin'
[5.158s] Level 1:colcon.colcon_core.environment:checking '/home/w0x7ce/Desktop/w0x7ce_bot/src/w0x7ce_bot_description/install/w0x7ce_bot_description/lib/pkgconfig/w0x7ce_bot_description.pc'
[5.158s] Level 1:colcon.colcon_core.environment:checking '/home/w0x7ce/Desktop/w0x7ce_bot/src/w0x7ce_bot_description/install/w0x7ce_bot_description/lib/python3.10/site-packages'
[5.158s] Level 1:colcon.colcon_core.shell:create_environment_hook('w0x7ce_bot_description', 'pythonpath')
[5.161s] INFO:colcon.colcon_core.shell:Creating environment hook '/home/w0x7ce/Desktop/w0x7ce_bot/src/w0x7ce_bot_description/install/w0x7ce_bot_description/share/w0x7ce_bot_description/hook/pythonpath.ps1'
[5.164s] INFO:colcon.colcon_core.shell:Creating environment descriptor '/home/w0x7ce/Desktop/w0x7ce_bot/src/w0x7ce_bot_description/install/w0x7ce_bot_description/share/w0x7ce_bot_description/hook/pythonpath.dsv'
[5.165s] INFO:colcon.colcon_core.shell:Creating environment hook '/home/w0x7ce/Desktop/w0x7ce_bot/src/w0x7ce_bot_description/install/w0x7ce_bot_description/share/w0x7ce_bot_description/hook/pythonpath.sh'
[5.168s] Level 1:colcon.colcon_core.environment:checking '/home/w0x7ce/Desktop/w0x7ce_bot/src/w0x7ce_bot_description/install/w0x7ce_bot_description/bin'
[5.168s] Level 1:colcon.colcon_core.environment:create_environment_scripts_only(w0x7ce_bot_description)
[5.171s] INFO:colcon.colcon_core.shell:Creating package script '/home/w0x7ce/Desktop/w0x7ce_bot/src/w0x7ce_bot_description/install/w0x7ce_bot_description/share/w0x7ce_bot_description/package.ps1'
[5.175s] INFO:colcon.colcon_core.shell:Creating package descriptor '/home/w0x7ce/Desktop/w0x7ce_bot/src/w0x7ce_bot_description/install/w0x7ce_bot_description/share/w0x7ce_bot_description/package.dsv'
[5.177s] INFO:colcon.colcon_core.shell:Creating package script '/home/w0x7ce/Desktop/w0x7ce_bot/src/w0x7ce_bot_description/install/w0x7ce_bot_description/share/w0x7ce_bot_description/package.sh'
[5.179s] INFO:colcon.colcon_core.shell:Creating package script '/home/w0x7ce/Desktop/w0x7ce_bot/src/w0x7ce_bot_description/install/w0x7ce_bot_description/share/w0x7ce_bot_description/package.bash'
[5.182s] INFO:colcon.colcon_core.shell:Creating package script '/home/w0x7ce/Desktop/w0x7ce_bot/src/w0x7ce_bot_description/install/w0x7ce_bot_description/share/w0x7ce_bot_description/package.zsh'
[5.183s] Level 1:colcon.colcon_core.environment:create_file_with_runtime_dependencies(/home/w0x7ce/Desktop/w0x7ce_bot/src/w0x7ce_bot_description/install/w0x7ce_bot_description/share/colcon-core/packages/w0x7ce_bot_description)
[5.184s] DEBUG:colcon.colcon_parallel_executor.executor.parallel:closing loop
[5.186s] DEBUG:colcon.colcon_parallel_executor.executor.parallel:loop closed
[5.186s] DEBUG:colcon.colcon_parallel_executor.executor.parallel:run_until_complete finished with '0'
[5.186s] DEBUG:colcon.colcon_core.event_reactor:joining thread
[5.199s] INFO:colcon.colcon_core.plugin_system:Skipping extension 'colcon_notification.desktop_notification.terminal_notifier': Not used on non-Darwin systems
[5.199s] INFO:colcon.colcon_core.plugin_system:Skipping extension 'colcon_notification.desktop_notification.win32': Not used on non-Windows systems
[5.200s] INFO:colcon.colcon_notification.desktop_notification:Sending desktop notification using 'notify2'
[5.273s] DEBUG:colcon.colcon_core.event_reactor:joined thread
[5.278s] INFO:colcon.colcon_core.shell:Creating prefix script '/home/w0x7ce/Desktop/w0x7ce_bot/src/w0x7ce_bot_description/install/local_setup.ps1'
[5.280s] INFO:colcon.colcon_core.shell:Creating prefix util module '/home/w0x7ce/Desktop/w0x7ce_bot/src/w0x7ce_bot_description/install/_local_setup_util_ps1.py'
[5.301s] INFO:colcon.colcon_core.shell:Creating prefix chain script '/home/w0x7ce/Desktop/w0x7ce_bot/src/w0x7ce_bot_description/install/setup.ps1'
[5.310s] INFO:colcon.colcon_core.shell:Creating prefix script '/home/w0x7ce/Desktop/w0x7ce_bot/src/w0x7ce_bot_description/install/local_setup.sh'
[5.312s] INFO:colcon.colcon_core.shell:Creating prefix util module '/home/w0x7ce/Desktop/w0x7ce_bot/src/w0x7ce_bot_description/install/_local_setup_util_sh.py'
[5.315s] INFO:colcon.colcon_core.shell:Creating prefix chain script '/home/w0x7ce/Desktop/w0x7ce_bot/src/w0x7ce_bot_description/install/setup.sh'
[5.320s] INFO:colcon.colcon_core.shell:Creating prefix script '/home/w0x7ce/Desktop/w0x7ce_bot/src/w0x7ce_bot_description/install/local_setup.bash'
[5.322s] INFO:colcon.colcon_core.shell:Creating prefix chain script '/home/w0x7ce/Desktop/w0x7ce_bot/src/w0x7ce_bot_description/install/setup.bash'
[5.329s] INFO:colcon.colcon_core.shell:Creating prefix script '/home/w0x7ce/Desktop/w0x7ce_bot/src/w0x7ce_bot_description/install/local_setup.zsh'
[5.332s] INFO:colcon.colcon_core.shell:Creating prefix chain script '/home/w0x7ce/Desktop/w0x7ce_bot/src/w0x7ce_bot_description/install/setup.zsh'
