[0.047s] Invoking command in '/home/w0x7ce/Desktop/w0x7ce_bot_cool/build/w0x7ce_cartographer': CMAKE_PREFIX_PATH=/opt/ros/humble /usr/bin/cmake /home/w0x7ce/Desktop/w0x7ce_bot_cool/w0x7ce_cartographer -DCMAKE_INSTALL_PREFIX=/home/w0x7ce/Desktop/w0x7ce_bot_cool/install/w0x7ce_cartographer
[0.393s] -- The C compiler identification is GNU 11.3.0
[0.645s] -- The CXX compiler identification is GNU 11.3.0
[0.656s] -- Detecting C compiler ABI info
[0.925s] -- Detecting C compiler ABI info - done
[0.941s] -- Check for working C compiler: /usr/bin/cc - skipped
[0.942s] -- Detecting C compile features
[0.943s] -- Detecting C compile features - done
[0.953s] -- Detecting CXX compiler ABI info
[1.235s] -- Detecting CXX compiler ABI info - done
[1.250s] -- Check for working CXX compiler: /usr/bin/c++ - skipped
[1.251s] -- Detecting CXX compile features
[1.252s] -- Detecting CXX compile features - done
[1.317s] -- Found ament_cmake: 1.3.3 (/opt/ros/humble/share/ament_cmake/cmake)
[1.777s] -- Found Python3: /usr/bin/python3.10 (found version "3.10.6") found components: Interpreter 
[2.027s] -- Found ament_lint_auto: 0.12.5 (/opt/ros/humble/share/ament_lint_auto/cmake)
[2.193s] [31mCMake Error at /opt/ros/humble/share/ament_cmake_core/cmake/core/ament_package_xml.cmake:53 (message):
[2.194s]   ament_package_xml() package name 'w0x7ce_cartographer' in '/package.xml'
[2.195s]   does not match current PROJECT_NAME 'fishbot_cartographer'.  You must call
[2.196s]   project() with the same package name before.
[2.197s] Call Stack (most recent call first):
[2.198s]   /opt/ros/humble/share/ament_lint_auto/cmake/ament_lint_auto_find_test_dependencies.cmake:31 (ament_package_xml)
[2.198s]   CMakeLists.txt:32 (ament_lint_auto_find_test_dependencies)
[2.198s] 
[2.198s] [0m
[2.202s] -- Configuring incomplete, errors occurred!
[2.203s] See also "/home/w0x7ce/Desktop/w0x7ce_bot_cool/build/w0x7ce_cartographer/CMakeFiles/CMakeOutput.log".
[2.203s] Invoked command in '/home/w0x7ce/Desktop/w0x7ce_bot_cool/build/w0x7ce_cartographer' returned '1': CMAKE_PREFIX_PATH=/opt/ros/humble /usr/bin/cmake /home/w0x7ce/Desktop/w0x7ce_bot_cool/w0x7ce_cartographer -DCMAKE_INSTALL_PREFIX=/home/w0x7ce/Desktop/w0x7ce_bot_cool/install/w0x7ce_cartographer
