[2.143s] Invoking command in '/home/w0x7ce/Desktop/w0x7ce_bot/src/w0x7ce_bot_description': PYTHONPATH=/home/w0x7ce/Desktop/w0x7ce_bot/src/w0x7ce_bot_description/build/w0x7ce_bot_description/prefix_override:/home/w0x7ce/Desktop/w0x7ce_bot/src/w0x7ce_bot_description/install/w0x7ce_bot_description/lib/python3.10/site-packages:${PYTHONPATH} /usr/bin/python3 setup.py egg_info --egg-base build/w0x7ce_bot_description build --build-base /home/w0x7ce/Desktop/w0x7ce_bot/src/w0x7ce_bot_description/build/w0x7ce_bot_description/build install --record /home/w0x7ce/Desktop/w0x7ce_bot/src/w0x7ce_bot_description/build/w0x7ce_bot_description/install.log --single-version-externally-managed
[3.231s] running egg_info
[3.236s] writing build/w0x7ce_bot_description/w0x7ce_bot_description.egg-info/PKG-INFO
[3.238s] writing dependency_links to build/w0x7ce_bot_description/w0x7ce_bot_description.egg-info/dependency_links.txt
[3.241s] writing entry points to build/w0x7ce_bot_description/w0x7ce_bot_description.egg-info/entry_points.txt
[3.245s] writing requirements to build/w0x7ce_bot_description/w0x7ce_bot_description.egg-info/requires.txt
[3.246s] writing top-level names to build/w0x7ce_bot_description/w0x7ce_bot_description.egg-info/top_level.txt
[3.263s] reading manifest file 'build/w0x7ce_bot_description/w0x7ce_bot_description.egg-info/SOURCES.txt'
[3.272s] writing manifest file 'build/w0x7ce_bot_description/w0x7ce_bot_description.egg-info/SOURCES.txt'
[3.273s] running build
[3.274s] running build_py
[3.276s] running install
[3.278s] /usr/lib/python3/dist-packages/setuptools/command/install.py:34: SetuptoolsDeprecationWarning: setup.py install is deprecated. Use build and pip and other standards-based tools.
[3.279s]   warnings.warn(
[3.280s] running install_lib
[3.285s] running install_data
[3.288s] copying urdf/w0x7ce_bot_base.urdf -> /home/w0x7ce/Desktop/w0x7ce_bot/src/w0x7ce_bot_description/install/w0x7ce_bot_description/share/w0x7ce_bot_description/urdf
[3.289s] running install_egg_info
[3.324s] removing '/home/w0x7ce/Desktop/w0x7ce_bot/src/w0x7ce_bot_description/install/w0x7ce_bot_description/lib/python3.10/site-packages/w0x7ce_bot_description-0.0.0-py3.10.egg-info' (and everything under it)
[3.324s] Copying build/w0x7ce_bot_description/w0x7ce_bot_description.egg-info to /home/w0x7ce/Desktop/w0x7ce_bot/src/w0x7ce_bot_description/install/w0x7ce_bot_description/lib/python3.10/site-packages/w0x7ce_bot_description-0.0.0-py3.10.egg-info
[3.325s] running install_scripts
[3.650s] writing list of installed files to '/home/w0x7ce/Desktop/w0x7ce_bot/src/w0x7ce_bot_description/build/w0x7ce_bot_description/install.log'
[3.701s] Invoked command in '/home/w0x7ce/Desktop/w0x7ce_bot/src/w0x7ce_bot_description' returned '0': PYTHONPATH=/home/w0x7ce/Desktop/w0x7ce_bot/src/w0x7ce_bot_description/build/w0x7ce_bot_description/prefix_override:/home/w0x7ce/Desktop/w0x7ce_bot/src/w0x7ce_bot_description/install/w0x7ce_bot_description/lib/python3.10/site-packages:${PYTHONPATH} /usr/bin/python3 setup.py egg_info --egg-base build/w0x7ce_bot_description build --build-base /home/w0x7ce/Desktop/w0x7ce_bot/src/w0x7ce_bot_description/build/w0x7ce_bot_description/build install --record /home/w0x7ce/Desktop/w0x7ce_bot/src/w0x7ce_bot_description/build/w0x7ce_bot_description/install.log --single-version-externally-managed
