[0.795s] DEBUG:colcon:Command line arguments: ['/usr/bin/colcon', 'build']
[0.795s] DEBUG:colcon:Parsed command line arguments: Namespace(log_base=None, log_level=None, verb_name='build', build_base='build', install_base='install', merge_install=False, symlink_install=False, test_result_base=None, continue_on_error=False, executor='parallel', parallel_workers=2, event_handlers=None, ignore_user_meta=False, metas=['./colcon.meta'], base_paths=['.'], packages_ignore=None, packages_ignore_regex=None, paths=None, packages_up_to=None, packages_up_to_regex=None, packages_above=None, packages_above_and_dependencies=None, packages_above_depth=None, packages_select_by_dep=None, packages_skip_by_dep=None, packages_skip_up_to=None, packages_select_build_failed=False, packages_skip_build_finished=False, packages_select_test_failures=False, packages_skip_test_passed=False, packages_select=None, packages_skip=None, packages_select_regex=None, packages_skip_regex=None, packages_start=None, packages_end=None, allow_overriding=[], cmake_args=None, cmake_target=None, cmake_target_skip_unavailable=False, cmake_clean_cache=False, cmake_clean_first=False, cmake_force_configure=False, ament_cmake_args=None, catkin_cmake_args=None, catkin_skip_building_tests=False, verb_parser=<colcon_defaults.argument_parser.defaults.DefaultArgumentsDecorator object at 0x7f6a1c8f8af0>, verb_extension=<colcon_core.verb.build.BuildVerb object at 0x7f6a1d086c20>, main=<bound method BuildVerb.main of <colcon_core.verb.build.BuildVerb object at 0x7f6a1d086c20>>)
[0.866s] Level 1:colcon.colcon_core.package_discovery:discover_packages(colcon_meta) check parameters
[0.866s] Level 1:colcon.colcon_core.package_discovery:discover_packages(recursive) check parameters
[0.866s] Level 1:colcon.colcon_core.package_discovery:discover_packages(ignore) check parameters
[0.866s] Level 1:colcon.colcon_core.package_discovery:discover_packages(path) check parameters
[0.866s] Level 1:colcon.colcon_core.package_discovery:discover_packages(colcon_meta) discover
[0.866s] Level 1:colcon.colcon_core.package_discovery:discover_packages(recursive) discover
[0.866s] INFO:colcon.colcon_core.package_discovery:Crawling recursively for packages in '/home/w0x7ce/Desktop/w0x7ce_bot_cool'
[0.867s] Level 1:colcon.colcon_core.package_identification:_identify(.) by extensions ['ignore', 'ignore_ament_install']
[0.867s] Level 1:colcon.colcon_core.package_identification:_identify(.) by extension 'ignore'
[0.867s] Level 1:colcon.colcon_core.package_identification:_identify(.) by extension 'ignore_ament_install'
[0.867s] Level 1:colcon.colcon_core.package_identification:_identify(.) by extensions ['colcon_pkg']
[0.867s] Level 1:colcon.colcon_core.package_identification:_identify(.) by extension 'colcon_pkg'
[0.867s] Level 1:colcon.colcon_core.package_identification:_identify(.) by extensions ['colcon_meta']
[0.867s] Level 1:colcon.colcon_core.package_identification:_identify(.) by extension 'colcon_meta'
[0.867s] Level 1:colcon.colcon_core.package_identification:_identify(.) by extensions ['ros']
[0.868s] Level 1:colcon.colcon_core.package_identification:_identify(.) by extension 'ros'
[0.898s] Level 1:colcon.colcon_core.package_identification:_identify(.) by extensions ['cmake', 'python']
[0.898s] Level 1:colcon.colcon_core.package_identification:_identify(.) by extension 'cmake'
[0.898s] Level 1:colcon.colcon_core.package_identification:_identify(.) by extension 'python'
[0.899s] Level 1:colcon.colcon_core.package_identification:_identify(.) by extensions ['python_setup_py']
[0.899s] Level 1:colcon.colcon_core.package_identification:_identify(.) by extension 'python_setup_py'
[0.899s] Level 1:colcon.colcon_core.package_identification:_identify(__pycache__) by extensions ['ignore', 'ignore_ament_install']
[0.899s] Level 1:colcon.colcon_core.package_identification:_identify(__pycache__) by extension 'ignore'
[0.899s] Level 1:colcon.colcon_core.package_identification:_identify(__pycache__) by extension 'ignore_ament_install'
[0.900s] Level 1:colcon.colcon_core.package_identification:_identify(__pycache__) by extensions ['colcon_pkg']
[0.900s] Level 1:colcon.colcon_core.package_identification:_identify(__pycache__) by extension 'colcon_pkg'
[0.900s] Level 1:colcon.colcon_core.package_identification:_identify(__pycache__) by extensions ['colcon_meta']
[0.900s] Level 1:colcon.colcon_core.package_identification:_identify(__pycache__) by extension 'colcon_meta'
[0.900s] Level 1:colcon.colcon_core.package_identification:_identify(__pycache__) by extensions ['ros']
[0.900s] Level 1:colcon.colcon_core.package_identification:_identify(__pycache__) by extension 'ros'
[0.900s] Level 1:colcon.colcon_core.package_identification:_identify(__pycache__) by extensions ['cmake', 'python']
[0.900s] Level 1:colcon.colcon_core.package_identification:_identify(__pycache__) by extension 'cmake'
[0.900s] Level 1:colcon.colcon_core.package_identification:_identify(__pycache__) by extension 'python'
[0.900s] Level 1:colcon.colcon_core.package_identification:_identify(__pycache__) by extensions ['python_setup_py']
[0.901s] Level 1:colcon.colcon_core.package_identification:_identify(__pycache__) by extension 'python_setup_py'
[0.901s] Level 1:colcon.colcon_core.package_identification:_identify(build) by extensions ['ignore', 'ignore_ament_install']
[0.901s] Level 1:colcon.colcon_core.package_identification:_identify(build) by extension 'ignore'
[0.901s] Level 1:colcon.colcon_core.package_identification:_identify(build) ignored
[0.902s] Level 1:colcon.colcon_core.package_identification:_identify(install) by extensions ['ignore', 'ignore_ament_install']
[0.902s] Level 1:colcon.colcon_core.package_identification:_identify(install) by extension 'ignore'
[0.902s] Level 1:colcon.colcon_core.package_identification:_identify(install) ignored
[0.902s] Level 1:colcon.colcon_core.package_identification:_identify(log) by extensions ['ignore', 'ignore_ament_install']
[0.902s] Level 1:colcon.colcon_core.package_identification:_identify(log) by extension 'ignore'
[0.903s] Level 1:colcon.colcon_core.package_identification:_identify(log) ignored
[0.903s] Level 1:colcon.colcon_core.package_identification:_identify(w0x7ce_cartographer) by extensions ['ignore', 'ignore_ament_install']
[0.903s] Level 1:colcon.colcon_core.package_identification:_identify(w0x7ce_cartographer) by extension 'ignore'
[0.903s] Level 1:colcon.colcon_core.package_identification:_identify(w0x7ce_cartographer) by extension 'ignore_ament_install'
[0.903s] Level 1:colcon.colcon_core.package_identification:_identify(w0x7ce_cartographer) by extensions ['colcon_pkg']
[0.903s] Level 1:colcon.colcon_core.package_identification:_identify(w0x7ce_cartographer) by extension 'colcon_pkg'
[0.903s] Level 1:colcon.colcon_core.package_identification:_identify(w0x7ce_cartographer) by extensions ['colcon_meta']
[0.903s] Level 1:colcon.colcon_core.package_identification:_identify(w0x7ce_cartographer) by extension 'colcon_meta'
[0.904s] Level 1:colcon.colcon_core.package_identification:_identify(w0x7ce_cartographer) by extensions ['ros']
[0.904s] Level 1:colcon.colcon_core.package_identification:_identify(w0x7ce_cartographer) by extension 'ros'
[0.909s] DEBUG:colcon.colcon_core.package_identification:Package 'w0x7ce_cartographer' with type 'ros.ament_cmake' and name 'w0x7ce_cartographer'
[0.909s] Level 1:colcon.colcon_core.package_discovery:discover_packages(recursive) using defaults
[0.909s] Level 1:colcon.colcon_core.package_discovery:discover_packages(ignore) discover
[0.909s] Level 1:colcon.colcon_core.package_discovery:discover_packages(ignore) using defaults
[0.909s] Level 1:colcon.colcon_core.package_discovery:discover_packages(path) discover
[0.909s] Level 1:colcon.colcon_core.package_discovery:discover_packages(path) using defaults
[0.967s] Level 1:colcon.colcon_core.package_discovery:discover_packages(prefix_path) check parameters
[0.968s] Level 1:colcon.colcon_core.package_discovery:discover_packages(prefix_path) discover
[0.977s] DEBUG:colcon.colcon_installed_package_information.package_discovery:Found 414 installed packages in /opt/ros/humble
[0.983s] Level 1:colcon.colcon_core.package_discovery:discover_packages(prefix_path) using defaults
[1.173s] Level 5:colcon.colcon_core.verb:set package 'w0x7ce_cartographer' build argument 'cmake_args' from command line to 'None'
[1.173s] Level 5:colcon.colcon_core.verb:set package 'w0x7ce_cartographer' build argument 'cmake_target' from command line to 'None'
[1.173s] Level 5:colcon.colcon_core.verb:set package 'w0x7ce_cartographer' build argument 'cmake_target_skip_unavailable' from command line to 'False'
[1.173s] Level 5:colcon.colcon_core.verb:set package 'w0x7ce_cartographer' build argument 'cmake_clean_cache' from command line to 'False'
[1.174s] Level 5:colcon.colcon_core.verb:set package 'w0x7ce_cartographer' build argument 'cmake_clean_first' from command line to 'False'
[1.174s] Level 5:colcon.colcon_core.verb:set package 'w0x7ce_cartographer' build argument 'cmake_force_configure' from command line to 'False'
[1.174s] Level 5:colcon.colcon_core.verb:set package 'w0x7ce_cartographer' build argument 'ament_cmake_args' from command line to 'None'
[1.174s] Level 5:colcon.colcon_core.verb:set package 'w0x7ce_cartographer' build argument 'catkin_cmake_args' from command line to 'None'
[1.174s] Level 5:colcon.colcon_core.verb:set package 'w0x7ce_cartographer' build argument 'catkin_skip_building_tests' from command line to 'False'
[1.174s] DEBUG:colcon.colcon_core.verb:Building package 'w0x7ce_cartographer' with the following arguments: {'ament_cmake_args': None, 'build_base': '/home/w0x7ce/Desktop/w0x7ce_bot_cool/build/w0x7ce_cartographer', 'catkin_cmake_args': None, 'catkin_skip_building_tests': False, 'cmake_args': None, 'cmake_clean_cache': False, 'cmake_clean_first': False, 'cmake_force_configure': False, 'cmake_target': None, 'cmake_target_skip_unavailable': False, 'install_base': '/home/w0x7ce/Desktop/w0x7ce_bot_cool/install/w0x7ce_cartographer', 'merge_install': False, 'path': '/home/w0x7ce/Desktop/w0x7ce_bot_cool/w0x7ce_cartographer', 'symlink_install': False, 'test_result_base': None}
[1.175s] INFO:colcon.colcon_core.executor:Executing jobs using 'parallel' executor
[1.182s] DEBUG:colcon.colcon_parallel_executor.executor.parallel:run_until_complete
[1.182s] INFO:colcon.colcon_ros.task.ament_cmake.build:Building ROS package in '/home/w0x7ce/Desktop/w0x7ce_bot_cool/w0x7ce_cartographer' with build type 'ament_cmake'
[1.183s] INFO:colcon.colcon_cmake.task.cmake.build:Building CMake package in '/home/w0x7ce/Desktop/w0x7ce_bot_cool/w0x7ce_cartographer'
[1.194s] INFO:colcon.colcon_core.plugin_system:Skipping extension 'colcon_core.shell.bat': Not used on non-Windows systems
[1.195s] INFO:colcon.colcon_core.shell:Skip shell extension 'powershell' for command environment: Not usable outside of PowerShell
[1.195s] DEBUG:colcon.colcon_core.shell:Skip shell extension 'dsv' for command environment
[1.226s] DEBUG:colcon.colcon_core.event_handler.log_command:Invoking command in '/home/w0x7ce/Desktop/w0x7ce_bot_cool/build/w0x7ce_cartographer': CMAKE_PREFIX_PATH=/opt/ros/humble /usr/bin/cmake --build /home/w0x7ce/Desktop/w0x7ce_bot_cool/build/w0x7ce_cartographer -- -j2 -l2
[1.825s] DEBUG:colcon.colcon_core.event_handler.log_command:Invoked command in '/home/w0x7ce/Desktop/w0x7ce_bot_cool/build/w0x7ce_cartographer' returned '2': CMAKE_PREFIX_PATH=/opt/ros/humble /usr/bin/cmake --build /home/w0x7ce/Desktop/w0x7ce_bot_cool/build/w0x7ce_cartographer -- -j2 -l2
[1.924s] Level 1:colcon.colcon_core.environment:create_environment_scripts_only(w0x7ce_cartographer)
[1.934s] Level 1:colcon.colcon_core.environment:checking '/home/w0x7ce/Desktop/w0x7ce_bot_cool/install/w0x7ce_cartographer' for CMake module files
[1.936s] Level 1:colcon.colcon_core.environment:checking '/home/w0x7ce/Desktop/w0x7ce_bot_cool/install/w0x7ce_cartographer' for CMake config files
[1.937s] Level 1:colcon.colcon_core.environment:checking '/home/w0x7ce/Desktop/w0x7ce_bot_cool/install/w0x7ce_cartographer/bin'
[1.938s] Level 1:colcon.colcon_core.environment:checking '/home/w0x7ce/Desktop/w0x7ce_bot_cool/install/w0x7ce_cartographer/lib/pkgconfig/w0x7ce_cartographer.pc'
[1.939s] Level 1:colcon.colcon_core.environment:checking '/home/w0x7ce/Desktop/w0x7ce_bot_cool/install/w0x7ce_cartographer/lib/python3.10/site-packages'
[1.939s] Level 1:colcon.colcon_core.environment:checking '/home/w0x7ce/Desktop/w0x7ce_bot_cool/install/w0x7ce_cartographer/bin'
[1.943s] INFO:colcon.colcon_core.shell:Creating package script '/home/w0x7ce/Desktop/w0x7ce_bot_cool/install/w0x7ce_cartographer/share/w0x7ce_cartographer/package.ps1'
[1.945s] INFO:colcon.colcon_core.shell:Creating package descriptor '/home/w0x7ce/Desktop/w0x7ce_bot_cool/install/w0x7ce_cartographer/share/w0x7ce_cartographer/package.dsv'
[1.947s] INFO:colcon.colcon_core.shell:Creating package script '/home/w0x7ce/Desktop/w0x7ce_bot_cool/install/w0x7ce_cartographer/share/w0x7ce_cartographer/package.sh'
[1.949s] INFO:colcon.colcon_core.shell:Creating package script '/home/w0x7ce/Desktop/w0x7ce_bot_cool/install/w0x7ce_cartographer/share/w0x7ce_cartographer/package.bash'
[1.952s] INFO:colcon.colcon_core.shell:Creating package script '/home/w0x7ce/Desktop/w0x7ce_bot_cool/install/w0x7ce_cartographer/share/w0x7ce_cartographer/package.zsh'
[1.954s] Level 1:colcon.colcon_core.environment:create_file_with_runtime_dependencies(/home/w0x7ce/Desktop/w0x7ce_bot_cool/install/w0x7ce_cartographer/share/colcon-core/packages/w0x7ce_cartographer)
[1.975s] DEBUG:colcon.colcon_parallel_executor.executor.parallel:closing loop
[1.976s] DEBUG:colcon.colcon_parallel_executor.executor.parallel:loop closed
[1.976s] DEBUG:colcon.colcon_parallel_executor.executor.parallel:run_until_complete finished with '2'
[1.977s] DEBUG:colcon.colcon_core.event_reactor:joining thread
[1.993s] INFO:colcon.colcon_core.plugin_system:Skipping extension 'colcon_notification.desktop_notification.terminal_notifier': Not used on non-Darwin systems
[1.994s] INFO:colcon.colcon_core.plugin_system:Skipping extension 'colcon_notification.desktop_notification.win32': Not used on non-Windows systems
[1.994s] INFO:colcon.colcon_notification.desktop_notification:Sending desktop notification using 'notify2'
[2.033s] DEBUG:colcon.colcon_core.event_reactor:joined thread
[2.036s] INFO:colcon.colcon_core.shell:Creating prefix script '/home/w0x7ce/Desktop/w0x7ce_bot_cool/install/local_setup.ps1'
[2.039s] INFO:colcon.colcon_core.shell:Creating prefix util module '/home/w0x7ce/Desktop/w0x7ce_bot_cool/install/_local_setup_util_ps1.py'
[2.043s] INFO:colcon.colcon_core.shell:Creating prefix chain script '/home/w0x7ce/Desktop/w0x7ce_bot_cool/install/setup.ps1'
[2.046s] INFO:colcon.colcon_core.shell:Creating prefix script '/home/w0x7ce/Desktop/w0x7ce_bot_cool/install/local_setup.sh'
[2.048s] INFO:colcon.colcon_core.shell:Creating prefix util module '/home/w0x7ce/Desktop/w0x7ce_bot_cool/install/_local_setup_util_sh.py'
[2.050s] INFO:colcon.colcon_core.shell:Creating prefix chain script '/home/w0x7ce/Desktop/w0x7ce_bot_cool/install/setup.sh'
[2.053s] INFO:colcon.colcon_core.shell:Creating prefix script '/home/w0x7ce/Desktop/w0x7ce_bot_cool/install/local_setup.bash'
[2.054s] INFO:colcon.colcon_core.shell:Creating prefix chain script '/home/w0x7ce/Desktop/w0x7ce_bot_cool/install/setup.bash'
[2.058s] INFO:colcon.colcon_core.shell:Creating prefix script '/home/w0x7ce/Desktop/w0x7ce_bot_cool/install/local_setup.zsh'
[2.060s] INFO:colcon.colcon_core.shell:Creating prefix chain script '/home/w0x7ce/Desktop/w0x7ce_bot_cool/install/setup.zsh'
