[0.047s] Invoking command in '/home/w0x7ce/Desktop/w0x7ce_bot_cool/build/w0x7ce_cartographer': CMAKE_PREFIX_PATH=/opt/ros/humble /usr/bin/cmake --build /home/w0x7ce/Desktop/w0x7ce_bot_cool/build/w0x7ce_cartographer -- -j2 -l2
[0.101s] -- Found ament_cmake: 1.3.3 (/opt/ros/humble/share/ament_cmake/cmake)
[0.539s] -- Found ament_lint_auto: 0.12.5 (/opt/ros/humble/share/ament_lint_auto/cmake)
[0.746s] -- Added test 'copyright' to check source files copyright and LICENSE
[0.752s] -- Added test 'flake8' to check Python code syntax and style conventions
[0.754s] -- Added test 'lint_cmake' to check CMake code style
[0.756s] -- Added test 'pep257' to check Python code against some of the docstring style conventions in PEP 257
[0.759s] -- Added test 'xmllint' to check XML markup files
[0.763s] -- Configuring done
[0.772s] -- Generating done
[0.778s] -- Build files have been written to: /home/w0x7ce/Desktop/w0x7ce_bot_cool/build/w0x7ce_cartographer
[0.832s] Invoked command in '/home/w0x7ce/Desktop/w0x7ce_bot_cool/build/w0x7ce_cartographer' returned '0': CMAKE_PREFIX_PATH=/opt/ros/humble /usr/bin/cmake --build /home/w0x7ce/Desktop/w0x7ce_bot_cool/build/w0x7ce_cartographer -- -j2 -l2
[0.975s] Invoking command in '/home/w0x7ce/Desktop/w0x7ce_bot_cool/build/w0x7ce_cartographer': CMAKE_PREFIX_PATH=/opt/ros/humble /usr/bin/cmake --install /home/w0x7ce/Desktop/w0x7ce_bot_cool/build/w0x7ce_cartographer
[0.998s] -- Install configuration: ""
[0.999s] -- Up-to-date: /home/w0x7ce/Desktop/w0x7ce_bot_cool/install/w0x7ce_cartographer/share/w0x7ce_cartographer/config
[0.999s] -- Up-to-date: /home/w0x7ce/Desktop/w0x7ce_bot_cool/install/w0x7ce_cartographer/share/w0x7ce_cartographer/config/w0x7ce_cartographer.lua
[0.999s] -- Up-to-date: /home/w0x7ce/Desktop/w0x7ce_bot_cool/install/w0x7ce_cartographer/share/w0x7ce_cartographer/launch
[1.001s] -- Up-to-date: /home/w0x7ce/Desktop/w0x7ce_bot_cool/install/w0x7ce_cartographer/share/w0x7ce_cartographer/launch/cartographer.launch.py
[1.001s] -- Up-to-date: /home/w0x7ce/Desktop/w0x7ce_bot_cool/install/w0x7ce_cartographer/share/ament_index/resource_index/package_run_dependencies/w0x7ce_cartographer
[1.002s] -- Up-to-date: /home/w0x7ce/Desktop/w0x7ce_bot_cool/install/w0x7ce_cartographer/share/ament_index/resource_index/parent_prefix_path/w0x7ce_cartographer
[1.002s] -- Up-to-date: /home/w0x7ce/Desktop/w0x7ce_bot_cool/install/w0x7ce_cartographer/share/w0x7ce_cartographer/environment/ament_prefix_path.sh
[1.002s] -- Installing: /home/w0x7ce/Desktop/w0x7ce_bot_cool/install/w0x7ce_cartographer/share/w0x7ce_cartographer/environment/ament_prefix_path.dsv
[1.002s] -- Up-to-date: /home/w0x7ce/Desktop/w0x7ce_bot_cool/install/w0x7ce_cartographer/share/w0x7ce_cartographer/environment/path.sh
[1.002s] -- Installing: /home/w0x7ce/Desktop/w0x7ce_bot_cool/install/w0x7ce_cartographer/share/w0x7ce_cartographer/environment/path.dsv
[1.002s] -- Up-to-date: /home/w0x7ce/Desktop/w0x7ce_bot_cool/install/w0x7ce_cartographer/share/w0x7ce_cartographer/local_setup.bash
[1.002s] -- Up-to-date: /home/w0x7ce/Desktop/w0x7ce_bot_cool/install/w0x7ce_cartographer/share/w0x7ce_cartographer/local_setup.sh
[1.002s] -- Up-to-date: /home/w0x7ce/Desktop/w0x7ce_bot_cool/install/w0x7ce_cartographer/share/w0x7ce_cartographer/local_setup.zsh
[1.003s] -- Installing: /home/w0x7ce/Desktop/w0x7ce_bot_cool/install/w0x7ce_cartographer/share/w0x7ce_cartographer/local_setup.dsv
[1.003s] -- Installing: /home/w0x7ce/Desktop/w0x7ce_bot_cool/install/w0x7ce_cartographer/share/w0x7ce_cartographer/package.dsv
[1.003s] -- Up-to-date: /home/w0x7ce/Desktop/w0x7ce_bot_cool/install/w0x7ce_cartographer/share/ament_index/resource_index/packages/w0x7ce_cartographer
[1.004s] -- Up-to-date: /home/w0x7ce/Desktop/w0x7ce_bot_cool/install/w0x7ce_cartographer/share/w0x7ce_cartographer/cmake/w0x7ce_cartographerConfig.cmake
[1.004s] -- Up-to-date: /home/w0x7ce/Desktop/w0x7ce_bot_cool/install/w0x7ce_cartographer/share/w0x7ce_cartographer/cmake/w0x7ce_cartographerConfig-version.cmake
[1.004s] -- Up-to-date: /home/w0x7ce/Desktop/w0x7ce_bot_cool/install/w0x7ce_cartographer/share/w0x7ce_cartographer/package.xml
[1.015s] Invoked command in '/home/w0x7ce/Desktop/w0x7ce_bot_cool/build/w0x7ce_cartographer' returned '0': CMAKE_PREFIX_PATH=/opt/ros/humble /usr/bin/cmake --install /home/w0x7ce/Desktop/w0x7ce_bot_cool/build/w0x7ce_cartographer
