Determining if the Q_WS_WIN exist failed with the following output:
Change Dir: /home/w0x7ce/Desktop/imu_tk/build/CMakeFiles/CMakeTmp

Run Build Command(s):/usr/bin/gmake -f Makefile cmTC_bc7bb/fast && /usr/bin/gmake  -f CMakeFiles/cmTC_bc7bb.dir/build.make CMakeFiles/cmTC_bc7bb.dir/build
gmake[1]: Entering directory '/home/w0x7ce/Desktop/imu_tk/build/CMakeFiles/CMakeTmp'
Building CXX object CMakeFiles/cmTC_bc7bb.dir/CheckSymbolExists.cxx.o
/usr/bin/c++  -I/usr/include/qt4  -o CMakeFiles/cmTC_bc7bb.dir/CheckSymbolExists.cxx.o -c /home/w0x7ce/Desktop/imu_tk/build/CMakeFiles/CMakeTmp/CheckSymbolExists.cxx
/home/w0x7ce/Desktop/imu_tk/build/CMakeFiles/CMakeTmp/CheckSymbolExists.cxx: In function ‘int main(int, char**)’:
/home/w0x7ce/Desktop/imu_tk/build/CMakeFiles/CMakeTmp/CheckSymbolExists.cxx:8:19: error: ‘Q_WS_WIN’ was not declared in this scope
    8 |   return ((int*)(&Q_WS_WIN))[argc];
      |                   ^~~~~~~~
gmake[1]: *** [CMakeFiles/cmTC_bc7bb.dir/build.make:78: CMakeFiles/cmTC_bc7bb.dir/CheckSymbolExists.cxx.o] Error 1
gmake[1]: Leaving directory '/home/w0x7ce/Desktop/imu_tk/build/CMakeFiles/CMakeTmp'
gmake: *** [Makefile:127: cmTC_bc7bb/fast] Error 2


File /home/w0x7ce/Desktop/imu_tk/build/CMakeFiles/CMakeTmp/CheckSymbolExists.cxx:
/* */
#include <QtCore/qglobal.h>

int main(int argc, char** argv)
{
  (void)argv;
#ifndef Q_WS_WIN
  return ((int*)(&Q_WS_WIN))[argc];
#else
  (void)argc;
  return 0;
#endif
}
Determining if the Q_WS_QWS exist failed with the following output:
Change Dir: /home/w0x7ce/Desktop/imu_tk/build/CMakeFiles/CMakeTmp

Run Build Command(s):/usr/bin/gmake -f Makefile cmTC_e6886/fast && /usr/bin/gmake  -f CMakeFiles/cmTC_e6886.dir/build.make CMakeFiles/cmTC_e6886.dir/build
gmake[1]: Entering directory '/home/w0x7ce/Desktop/imu_tk/build/CMakeFiles/CMakeTmp'
Building CXX object CMakeFiles/cmTC_e6886.dir/CheckSymbolExists.cxx.o
/usr/bin/c++  -I/usr/include/qt4  -o CMakeFiles/cmTC_e6886.dir/CheckSymbolExists.cxx.o -c /home/w0x7ce/Desktop/imu_tk/build/CMakeFiles/CMakeTmp/CheckSymbolExists.cxx
/home/w0x7ce/Desktop/imu_tk/build/CMakeFiles/CMakeTmp/CheckSymbolExists.cxx: In function ‘int main(int, char**)’:
/home/w0x7ce/Desktop/imu_tk/build/CMakeFiles/CMakeTmp/CheckSymbolExists.cxx:8:19: error: ‘Q_WS_QWS’ was not declared in this scope
    8 |   return ((int*)(&Q_WS_QWS))[argc];
      |                   ^~~~~~~~
gmake[1]: *** [CMakeFiles/cmTC_e6886.dir/build.make:78: CMakeFiles/cmTC_e6886.dir/CheckSymbolExists.cxx.o] Error 1
gmake[1]: Leaving directory '/home/w0x7ce/Desktop/imu_tk/build/CMakeFiles/CMakeTmp'
gmake: *** [Makefile:127: cmTC_e6886/fast] Error 2


File /home/w0x7ce/Desktop/imu_tk/build/CMakeFiles/CMakeTmp/CheckSymbolExists.cxx:
/* */
#include <QtCore/qglobal.h>

int main(int argc, char** argv)
{
  (void)argv;
#ifndef Q_WS_QWS
  return ((int*)(&Q_WS_QWS))[argc];
#else
  (void)argc;
  return 0;
#endif
}
Determining if the Q_WS_MAC exist failed with the following output:
Change Dir: /home/w0x7ce/Desktop/imu_tk/build/CMakeFiles/CMakeTmp

Run Build Command(s):/usr/bin/gmake -f Makefile cmTC_6fa5e/fast && /usr/bin/gmake  -f CMakeFiles/cmTC_6fa5e.dir/build.make CMakeFiles/cmTC_6fa5e.dir/build
gmake[1]: Entering directory '/home/w0x7ce/Desktop/imu_tk/build/CMakeFiles/CMakeTmp'
Building CXX object CMakeFiles/cmTC_6fa5e.dir/CheckSymbolExists.cxx.o
/usr/bin/c++  -I/usr/include/qt4  -o CMakeFiles/cmTC_6fa5e.dir/CheckSymbolExists.cxx.o -c /home/w0x7ce/Desktop/imu_tk/build/CMakeFiles/CMakeTmp/CheckSymbolExists.cxx
/home/w0x7ce/Desktop/imu_tk/build/CMakeFiles/CMakeTmp/CheckSymbolExists.cxx: In function ‘int main(int, char**)’:
/home/w0x7ce/Desktop/imu_tk/build/CMakeFiles/CMakeTmp/CheckSymbolExists.cxx:8:19: error: ‘Q_WS_MAC’ was not declared in this scope
    8 |   return ((int*)(&Q_WS_MAC))[argc];
      |                   ^~~~~~~~
gmake[1]: *** [CMakeFiles/cmTC_6fa5e.dir/build.make:78: CMakeFiles/cmTC_6fa5e.dir/CheckSymbolExists.cxx.o] Error 1
gmake[1]: Leaving directory '/home/w0x7ce/Desktop/imu_tk/build/CMakeFiles/CMakeTmp'
gmake: *** [Makefile:127: cmTC_6fa5e/fast] Error 2


File /home/w0x7ce/Desktop/imu_tk/build/CMakeFiles/CMakeTmp/CheckSymbolExists.cxx:
/* */
#include <QtCore/qglobal.h>

int main(int argc, char** argv)
{
  (void)argv;
#ifndef Q_WS_MAC
  return ((int*)(&Q_WS_MAC))[argc];
#else
  (void)argc;
  return 0;
#endif
}
