[1.648s] Invoking command in '/home/w0x7ce/Desktop/w0x7ce_bot/src/w0x7ce_bot_description': PYTHONPATH=/home/w0x7ce/Desktop/w0x7ce_bot/src/w0x7ce_bot_description/build/w0x7ce_bot_description/prefix_override:/home/w0x7ce/Desktop/w0x7ce_bot/src/w0x7ce_bot_description/install/w0x7ce_bot_description/lib/python3.10/site-packages:${PYTHONPATH} /usr/bin/python3 setup.py egg_info --egg-base build/w0x7ce_bot_description build --build-base /home/w0x7ce/Desktop/w0x7ce_bot/src/w0x7ce_bot_description/build/w0x7ce_bot_description/build install --record /home/w0x7ce/Desktop/w0x7ce_bot/src/w0x7ce_bot_description/build/w0x7ce_bot_description/install.log --single-version-externally-managed
[2.301s] running egg_info
[2.303s] writing build/w0x7ce_bot_description/w0x7ce_bot_description.egg-info/PKG-INFO
[2.304s] writing dependency_links to build/w0x7ce_bot_description/w0x7ce_bot_description.egg-info/dependency_links.txt
[2.304s] writing entry points to build/w0x7ce_bot_description/w0x7ce_bot_description.egg-info/entry_points.txt
[2.305s] writing requirements to build/w0x7ce_bot_description/w0x7ce_bot_description.egg-info/requires.txt
[2.306s] writing top-level names to build/w0x7ce_bot_description/w0x7ce_bot_description.egg-info/top_level.txt
[2.311s] reading manifest file 'build/w0x7ce_bot_description/w0x7ce_bot_description.egg-info/SOURCES.txt'
[2.318s] writing manifest file 'build/w0x7ce_bot_description/w0x7ce_bot_description.egg-info/SOURCES.txt'
[2.318s] running build
[2.322s] running build_py
[2.322s] running install
[2.322s] running install_lib
[2.322s] /usr/lib/python3/dist-packages/setuptools/command/install.py:34: SetuptoolsDeprecationWarning: setup.py install is deprecated. Use build and pip and other standards-based tools.
[2.322s]   warnings.warn(
[2.323s] running install_data
[2.325s] copying urdf/w0x7ce_bot_base.urdf -> /home/w0x7ce/Desktop/w0x7ce_bot/src/w0x7ce_bot_description/install/w0x7ce_bot_description/share/w0x7ce_bot_description/urdf
[2.325s] running install_egg_info
[2.329s] removing '/home/w0x7ce/Desktop/w0x7ce_bot/src/w0x7ce_bot_description/install/w0x7ce_bot_description/lib/python3.10/site-packages/w0x7ce_bot_description-0.0.0-py3.10.egg-info' (and everything under it)
[2.340s] Copying build/w0x7ce_bot_description/w0x7ce_bot_description.egg-info to /home/w0x7ce/Desktop/w0x7ce_bot/src/w0x7ce_bot_description/install/w0x7ce_bot_description/lib/python3.10/site-packages/w0x7ce_bot_description-0.0.0-py3.10.egg-info
[2.342s] running install_scripts
[2.405s] writing list of installed files to '/home/w0x7ce/Desktop/w0x7ce_bot/src/w0x7ce_bot_description/build/w0x7ce_bot_description/install.log'
[2.463s] Invoked command in '/home/w0x7ce/Desktop/w0x7ce_bot/src/w0x7ce_bot_description' returned '0': PYTHONPATH=/home/w0x7ce/Desktop/w0x7ce_bot/src/w0x7ce_bot_description/build/w0x7ce_bot_description/prefix_override:/home/w0x7ce/Desktop/w0x7ce_bot/src/w0x7ce_bot_description/install/w0x7ce_bot_description/lib/python3.10/site-packages:${PYTHONPATH} /usr/bin/python3 setup.py egg_info --egg-base build/w0x7ce_bot_description build --build-base /home/w0x7ce/Desktop/w0x7ce_bot/src/w0x7ce_bot_description/build/w0x7ce_bot_description/build install --record /home/w0x7ce/Desktop/w0x7ce_bot/src/w0x7ce_bot_description/build/w0x7ce_bot_description/install.log --single-version-externally-managed
