[1.717s] Invoking command in '/home/w0x7ce/Desktop/w0x7ce_bot/src/w0x7ce_bot_description': PYTHONPATH=/home/w0x7ce/Desktop/w0x7ce_bot/src/w0x7ce_bot_description/build/w0x7ce_bot_description/prefix_override:/home/w0x7ce/Desktop/w0x7ce_bot/src/w0x7ce_bot_description/install/w0x7ce_bot_description/lib/python3.10/site-packages:${PYTHONPATH} /usr/bin/python3 setup.py egg_info --egg-base build/w0x7ce_bot_description build --build-base /home/w0x7ce/Desktop/w0x7ce_bot/src/w0x7ce_bot_description/build/w0x7ce_bot_description/build install --record /home/w0x7ce/Desktop/w0x7ce_bot/src/w0x7ce_bot_description/build/w0x7ce_bot_description/install.log --single-version-externally-managed
[2.363s] running egg_info
[2.364s] writing build/w0x7ce_bot_description/w0x7ce_bot_description.egg-info/PKG-INFO
[2.364s] writing dependency_links to build/w0x7ce_bot_description/w0x7ce_bot_description.egg-info/dependency_links.txt
[2.365s] writing entry points to build/w0x7ce_bot_description/w0x7ce_bot_description.egg-info/entry_points.txt
[2.366s] writing requirements to build/w0x7ce_bot_description/w0x7ce_bot_description.egg-info/requires.txt
[2.367s] writing top-level names to build/w0x7ce_bot_description/w0x7ce_bot_description.egg-info/top_level.txt
[2.372s] reading manifest file 'build/w0x7ce_bot_description/w0x7ce_bot_description.egg-info/SOURCES.txt'
[2.375s] writing manifest file 'build/w0x7ce_bot_description/w0x7ce_bot_description.egg-info/SOURCES.txt'
[2.376s] running build
[2.376s] running build_py
[2.379s] running install
[2.379s] /usr/lib/python3/dist-packages/setuptools/command/install.py:34: SetuptoolsDeprecationWarning: setup.py install is deprecated. Use build and pip and other standards-based tools.
[2.379s]   warnings.warn(
[2.380s] running install_lib
[2.380s] running install_data
[2.382s] copying launch/display_rviz2.launch.py -> /home/w0x7ce/Desktop/w0x7ce_bot/src/w0x7ce_bot_description/install/w0x7ce_bot_description/share/w0x7ce_bot_description/launch
[2.383s] running install_egg_info
[2.387s] removing '/home/w0x7ce/Desktop/w0x7ce_bot/src/w0x7ce_bot_description/install/w0x7ce_bot_description/lib/python3.10/site-packages/w0x7ce_bot_description-0.0.0-py3.10.egg-info' (and everything under it)
[2.387s] Copying build/w0x7ce_bot_description/w0x7ce_bot_description.egg-info to /home/w0x7ce/Desktop/w0x7ce_bot/src/w0x7ce_bot_description/install/w0x7ce_bot_description/lib/python3.10/site-packages/w0x7ce_bot_description-0.0.0-py3.10.egg-info
[2.390s] running install_scripts
[2.440s] writing list of installed files to '/home/w0x7ce/Desktop/w0x7ce_bot/src/w0x7ce_bot_description/build/w0x7ce_bot_description/install.log'
[2.495s] Invoked command in '/home/w0x7ce/Desktop/w0x7ce_bot/src/w0x7ce_bot_description' returned '0': PYTHONPATH=/home/w0x7ce/Desktop/w0x7ce_bot/src/w0x7ce_bot_description/build/w0x7ce_bot_description/prefix_override:/home/w0x7ce/Desktop/w0x7ce_bot/src/w0x7ce_bot_description/install/w0x7ce_bot_description/lib/python3.10/site-packages:${PYTHONPATH} /usr/bin/python3 setup.py egg_info --egg-base build/w0x7ce_bot_description build --build-base /home/w0x7ce/Desktop/w0x7ce_bot/src/w0x7ce_bot_description/build/w0x7ce_bot_description/build install --record /home/w0x7ce/Desktop/w0x7ce_bot/src/w0x7ce_bot_description/build/w0x7ce_bot_description/install.log --single-version-externally-managed
