[1.959s] Invoking command in '/home/w0x7ce/Desktop/w0x7ce_bot/src/w0x7ce_bot_description': PYTHONPATH=/home/w0x7ce/Desktop/w0x7ce_bot/src/w0x7ce_bot_description/build/w0x7ce_bot_description/prefix_override:/home/w0x7ce/Desktop/w0x7ce_bot/src/w0x7ce_bot_description/install/w0x7ce_bot_description/lib/python3.10/site-packages:${PYTHONPATH} /usr/bin/python3 setup.py egg_info --egg-base build/w0x7ce_bot_description build --build-base /home/w0x7ce/Desktop/w0x7ce_bot/src/w0x7ce_bot_description/build/w0x7ce_bot_description/build install --record /home/w0x7ce/Desktop/w0x7ce_bot/src/w0x7ce_bot_description/build/w0x7ce_bot_description/install.log --single-version-externally-managed
[2.687s] running egg_info
[2.689s] creating build/w0x7ce_bot_description/w0x7ce_bot_description.egg-info
[2.689s] writing build/w0x7ce_bot_description/w0x7ce_bot_description.egg-info/PKG-INFO
[2.689s] writing dependency_links to build/w0x7ce_bot_description/w0x7ce_bot_description.egg-info/dependency_links.txt
[2.690s] writing entry points to build/w0x7ce_bot_description/w0x7ce_bot_description.egg-info/entry_points.txt
[2.690s] writing requirements to build/w0x7ce_bot_description/w0x7ce_bot_description.egg-info/requires.txt
[2.691s] writing top-level names to build/w0x7ce_bot_description/w0x7ce_bot_description.egg-info/top_level.txt
[2.691s] writing manifest file 'build/w0x7ce_bot_description/w0x7ce_bot_description.egg-info/SOURCES.txt'
[2.695s] reading manifest file 'build/w0x7ce_bot_description/w0x7ce_bot_description.egg-info/SOURCES.txt'
[2.699s] writing manifest file 'build/w0x7ce_bot_description/w0x7ce_bot_description.egg-info/SOURCES.txt'
[2.699s] running build
[2.699s] running build_py
[2.699s] creating /home/w0x7ce/Desktop/w0x7ce_bot/src/w0x7ce_bot_description/build/w0x7ce_bot_description/build
[2.699s] creating /home/w0x7ce/Desktop/w0x7ce_bot/src/w0x7ce_bot_description/build/w0x7ce_bot_description/build/lib
[2.700s] creating /home/w0x7ce/Desktop/w0x7ce_bot/src/w0x7ce_bot_description/build/w0x7ce_bot_description/build/lib/w0x7ce_bot_description
[2.700s] copying w0x7ce_bot_description/__init__.py -> /home/w0x7ce/Desktop/w0x7ce_bot/src/w0x7ce_bot_description/build/w0x7ce_bot_description/build/lib/w0x7ce_bot_description
[2.700s] /usr/lib/python3/dist-packages/setuptools/command/install.py:34: SetuptoolsDeprecationWarning: setup.py install is deprecated. Use build and pip and other standards-based tools.
[2.700s]   warnings.warn(
[2.700s] running install
[2.700s] running install_lib
[2.704s] creating /home/w0x7ce/Desktop/w0x7ce_bot/src/w0x7ce_bot_description/install/w0x7ce_bot_description/lib/python3.10/site-packages/w0x7ce_bot_description
[2.704s] copying /home/w0x7ce/Desktop/w0x7ce_bot/src/w0x7ce_bot_description/build/w0x7ce_bot_description/build/lib/w0x7ce_bot_description/__init__.py -> /home/w0x7ce/Desktop/w0x7ce_bot/src/w0x7ce_bot_description/install/w0x7ce_bot_description/lib/python3.10/site-packages/w0x7ce_bot_description
[2.704s] byte-compiling /home/w0x7ce/Desktop/w0x7ce_bot/src/w0x7ce_bot_description/install/w0x7ce_bot_description/lib/python3.10/site-packages/w0x7ce_bot_description/__init__.py to __init__.cpython-310.pyc
[2.704s] running install_data
[2.706s] creating /home/w0x7ce/Desktop/w0x7ce_bot/src/w0x7ce_bot_description/install/w0x7ce_bot_description/share/ament_index
[2.707s] creating /home/w0x7ce/Desktop/w0x7ce_bot/src/w0x7ce_bot_description/install/w0x7ce_bot_description/share/ament_index/resource_index
[2.707s] creating /home/w0x7ce/Desktop/w0x7ce_bot/src/w0x7ce_bot_description/install/w0x7ce_bot_description/share/ament_index/resource_index/packages
[2.707s] copying resource/w0x7ce_bot_description -> /home/w0x7ce/Desktop/w0x7ce_bot/src/w0x7ce_bot_description/install/w0x7ce_bot_description/share/ament_index/resource_index/packages
[2.707s] copying package.xml -> /home/w0x7ce/Desktop/w0x7ce_bot/src/w0x7ce_bot_description/install/w0x7ce_bot_description/share/w0x7ce_bot_description
[2.707s] creating /home/w0x7ce/Desktop/w0x7ce_bot/src/w0x7ce_bot_description/install/w0x7ce_bot_description/share/w0x7ce_bot_description/launch
[2.708s] copying launch/display_rviz2.launch.py -> /home/w0x7ce/Desktop/w0x7ce_bot/src/w0x7ce_bot_description/install/w0x7ce_bot_description/share/w0x7ce_bot_description/launch
[2.708s] creating /home/w0x7ce/Desktop/w0x7ce_bot/src/w0x7ce_bot_description/install/w0x7ce_bot_description/share/w0x7ce_bot_description/urdf
[2.708s] copying urdf/w0x7ce_bot_base.urdf -> /home/w0x7ce/Desktop/w0x7ce_bot/src/w0x7ce_bot_description/install/w0x7ce_bot_description/share/w0x7ce_bot_description/urdf
[2.708s] running install_egg_info
[2.711s] Copying build/w0x7ce_bot_description/w0x7ce_bot_description.egg-info to /home/w0x7ce/Desktop/w0x7ce_bot/src/w0x7ce_bot_description/install/w0x7ce_bot_description/lib/python3.10/site-packages/w0x7ce_bot_description-0.0.0-py3.10.egg-info
[2.719s] running install_scripts
[2.773s] writing list of installed files to '/home/w0x7ce/Desktop/w0x7ce_bot/src/w0x7ce_bot_description/build/w0x7ce_bot_description/install.log'
[2.840s] Invoked command in '/home/w0x7ce/Desktop/w0x7ce_bot/src/w0x7ce_bot_description' returned '0': PYTHONPATH=/home/w0x7ce/Desktop/w0x7ce_bot/src/w0x7ce_bot_description/build/w0x7ce_bot_description/prefix_override:/home/w0x7ce/Desktop/w0x7ce_bot/src/w0x7ce_bot_description/install/w0x7ce_bot_description/lib/python3.10/site-packages:${PYTHONPATH} /usr/bin/python3 setup.py egg_info --egg-base build/w0x7ce_bot_description build --build-base /home/w0x7ce/Desktop/w0x7ce_bot/src/w0x7ce_bot_description/build/w0x7ce_bot_description/build install --record /home/w0x7ce/Desktop/w0x7ce_bot/src/w0x7ce_bot_description/build/w0x7ce_bot_description/install.log --single-version-externally-managed
